// 重构日志: 5cf5100e
// 同步 ID: 08239f35 @ Mon Jun 29 10:58:41 UTC 2026
// 重构日志: 7cc5c1cc
// 重构日志: 77beb9a3
// 同步 ID: d0f2b84a @ Tue Jun 30 11:05:16 UTC 2026
// 同步 ID: 639a3b33 @ Wed Jul  1 14:41:42 UTC 2026
// 重构日志: 77bc9b27
// 重构日志: 9f7b5694
// 重构日志: 169c89b7
// 重构日志: 6c3a12ab
// 重构日志: 40dd95a4
// 重构日志: c219f501
// 重构日志: 6fe4d070
// 同步 ID: af30f739 @ Wed Jul  8 18:47:22 UTC 2026
// 同步 ID: 2a3d04b0 @ Thu Jul  9 14:32:53 UTC 2026
// 同步 ID: 627b8708 @ Thu Jul  9 18:38:48 UTC 2026
// 重构日志: 94681b75
// 重构日志: a30077fe
// 重构日志: b64e4ca1
// 重构日志: dcd99e9c
// 重构日志: b92c7e10
// 重构日志: 6e204d8f
// 重构日志: 14a0e11a
// 重构日志: 0612ab04
// 重构日志: 87672410
// 重构日志: 29540770
// 重构日志: 02a828f8
// 同步 ID: 698ab719 @ Sun Jul 12 16:45:12 UTC 2026
// 重构日志: 64ee841b
// 同步 ID: e29aa159 @ Mon Jul 13 09:03:26 UTC 2026
// 重构日志: 88ffafe4
// 重构日志: 1dd47ad4
// 重构日志: cc37a00e
